#    1 | steps:   109 | steps_t:     0 | t: 0.141128 | p:  -498.000000 | e:   1.000000 | Q:        nan | won: False 
#    2 | steps:   123 | steps_t:     0 | t: 0.158144 | p:  -480.000000 | e:   1.000000 | Q:        nan | won: False 
#    3 | steps:   184 | steps_t:     0 | t: 0.231210 | p:  -516.000000 | e:   1.000000 | Q:        nan | won: False 
#    4 | steps:   210 | steps_t:     0 | t: 0.262239 | p:  -448.000000 | e:   1.000000 | Q:        nan | won: False 
#    5 | steps:   292 | steps_t:     0 | t: 0.362330 | p:  -405.000000 | e:   1.000000 | Q:        nan | won: False 
#    6 | steps:   321 | steps_t:     0 | t: 0.396361 | p:  -495.000000 | e:   1.000000 | Q:        nan | won: False 
#    7 | steps:   373 | steps_t:     0 | t: 0.459419 | p:  -364.000000 | e:   1.000000 | Q:        nan | won: False 
#    8 | steps:   585 | steps_t:     0 | t: 0.710151 | p:  -524.000000 | e:   1.000000 | Q:        nan | won: False 
#    9 | steps:   625 | steps_t:     0 | t: 0.757195 | p:  -473.000000 | e:   1.000000 | Q:        nan | won: False 
#   10 | steps:   647 | steps_t:     0 | t: 0.783218 | p:  -488.000000 | e:   1.000000 | Q:        nan | won: False 
#   11 | steps:   678 | steps_t:     0 | t: 0.820252 | p:  -453.000000 | e:   1.000000 | Q:        nan | won: False 
#   12 | steps:   698 | steps_t:     0 | t: 0.843273 | p:  -475.000000 | e:   1.000000 | Q:        nan | won: False 
#   13 | steps:   806 | steps_t:     0 | t: 0.971390 | p:  -409.000000 | e:   1.000000 | Q:        nan | won: False 
#   14 | steps:   843 | steps_t:     0 | t: 1.014690 | p:  -492.000000 | e:   1.000000 | Q:        nan | won: False 
#   15 | steps:   975 | steps_t:     0 | t: 1.172842 | p:  -444.000000 | e:   1.000000 | Q:        nan | won: False 
#   16 | steps:  1023 | steps_t:     0 | t: 1.231888 | p:  -470.000000 | e:   1.000000 | Q:        nan | won: False 
#   17 | steps:  1103 | steps_t:     0 | t: 1.325974 | p:  -491.000000 | e:   1.000000 | Q:        nan | won: False 
#   18 | steps:  1185 | steps_t:     0 | t: 1.423063 | p:  -438.000000 | e:   1.000000 | Q:        nan | won: False 
#   19 | steps:  1340 | steps_t:     0 | t: 1.653272 | p:  -291.000000 | e:   1.000000 | Q:        nan | won: False 
#   20 | steps:  1357 | steps_t:     0 | t: 1.674291 | p:  -494.000000 | e:   1.000000 | Q:        nan | won: False 
#   21 | steps:  1383 | steps_t:     0 | t: 1.704319 | p:  -481.000000 | e:   1.000000 | Q:        nan | won: False 
#   22 | steps:  1415 | steps_t:     0 | t: 1.741352 | p:  -498.000000 | e:   1.000000 | Q:        nan | won: False 
#   23 | steps:  1466 | steps_t:     0 | t: 1.802913 | p:  -418.000000 | e:   1.000000 | Q:        nan | won: False 
#   24 | steps:  1522 | steps_t:     0 | t: 1.869974 | p:  -412.000000 | e:   1.000000 | Q:        nan | won: False 
#   25 | steps:  1583 | steps_t:     0 | t: 1.942040 | p:  -527.000000 | e:   1.000000 | Q:        nan | won: False 
#   26 | steps:  1630 | steps_t:     0 | t: 1.999092 | p:  -392.000000 | e:   1.000000 | Q:        nan | won: False 
#   27 | steps:  1649 | steps_t:     0 | t: 2.021112 | p:  -452.000000 | e:   1.000000 | Q:        nan | won: False 
#   28 | steps:  1705 | steps_t:     0 | t: 2.086434 | p:  -500.000000 | e:   1.000000 | Q:        nan | won: False 
#   29 | steps:  1767 | steps_t:     0 | t: 2.160501 | p:  -385.000000 | e:   1.000000 | Q:        nan | won: False 
#   30 | steps:  1816 | steps_t:     0 | t: 2.218554 | p:  -493.000000 | e:   1.000000 | Q:        nan | won: False 
#   31 | steps:  1869 | steps_t:     0 | t: 2.280611 | p:  -464.000000 | e:   1.000000 | Q:        nan | won: False 
#   32 | steps:  1974 | steps_t:     0 | t: 2.404732 | p:  -439.000000 | e:   1.000000 | Q:        nan | won: False 
#   33 | steps:  2016 | steps_t:     0 | t: 2.454777 | p:  -464.000000 | e:   1.000000 | Q:        nan | won: False 
#   34 | steps:  2078 | steps_t:     0 | t: 2.528845 | p:  -440.000000 | e:   1.000000 | Q:        nan | won: False 
#   35 | steps:  2205 | steps_t:     0 | t: 2.678974 | p:  -395.000000 | e:   1.000000 | Q:        nan | won: False 
#   36 | steps:  2233 | steps_t:     0 | t: 2.712004 | p:  -472.000000 | e:   1.000000 | Q:        nan | won: False 
#   37 | steps:  2357 | steps_t:     0 | t: 2.858138 | p:  -436.000000 | e:   1.000000 | Q:        nan | won: False 
#   38 | steps:  2453 | steps_t:     0 | t: 2.971241 | p:  -375.000000 | e:   1.000000 | Q:        nan | won: False 
#   39 | steps:  2476 | steps_t:     0 | t: 2.998266 | p:  -412.000000 | e:   1.000000 | Q:        nan | won: False 
#   40 | steps:  2541 | steps_t:     0 | t: 3.074592 | p:  -432.000000 | e:   1.000000 | Q:        nan | won: False 
#   41 | steps:  2625 | steps_t:     0 | t: 3.172689 | p:  -506.000000 | e:   1.000000 | Q:        nan | won: False 
#   42 | steps:  2678 | steps_t:     0 | t: 3.235739 | p:  -387.000000 | e:   1.000000 | Q:        nan | won: False 
#   43 | steps:  2707 | steps_t:     0 | t: 3.268769 | p:  -418.000000 | e:   1.000000 | Q:        nan | won: False 
#   44 | steps:  2850 | steps_t:     0 | t: 3.436922 | p:  -371.000000 | e:   1.000000 | Q:        nan | won: False 
#   45 | steps:  3006 | steps_t:     0 | t: 3.683147 | p:  -402.000000 | e:   1.000000 | Q:        nan | won: False 
#   46 | steps:  3097 | steps_t:     0 | t: 3.790245 | p:  -348.000000 | e:   1.000000 | Q:        nan | won: False 
#   47 | steps:  3242 | steps_t:     0 | t: 3.963402 | p:  -468.000000 | e:   1.000000 | Q:        nan | won: False 
#   48 | steps:  3281 | steps_t:     0 | t: 4.009444 | p:  -439.000000 | e:   1.000000 | Q:        nan | won: False 
#   49 | steps:  3305 | steps_t:     0 | t: 4.037470 | p:  -479.000000 | e:   1.000000 | Q:        nan | won: False 
#   50 | steps:  3402 | steps_t:     0 | t: 4.151837 | p:  -475.000000 | e:   1.000000 | Q:        nan | won: False 
#   51 | steps:  3510 | steps_t:     0 | t: 4.277944 | p:  -420.000000 | e:   1.000000 | Q:        nan | won: False 
#   52 | steps:  3575 | steps_t:     0 | t: 4.354013 | p:  -432.000000 | e:   1.000000 | Q:        nan | won: False 
#   53 | steps:  3692 | steps_t:     0 | t: 4.493140 | p:  -473.000000 | e:   1.000000 | Q:        nan | won: False 
#   54 | steps:  3748 | steps_t:     0 | t: 4.559200 | p:  -500.000000 | e:   1.000000 | Q:        nan | won: False 
#   55 | steps:  4016 | steps_t:     0 | t: 4.875489 | p:  -481.000000 | e:   1.000000 | Q:        nan | won: False 
#   56 | steps:  4101 | steps_t:     0 | t: 4.976581 | p:  -496.000000 | e:   1.000000 | Q:        nan | won: False 
#   57 | steps:  4425 | steps_t:     0 | t: 5.359198 | p:  -438.000000 | e:   1.000000 | Q:        nan | won: False 
#   58 | steps:  4441 | steps_t:     0 | t: 5.378216 | p:  -471.000000 | e:   1.000000 | Q:        nan | won: False 
#   59 | steps:  4568 | steps_t:     0 | t: 5.526350 | p:  -505.000000 | e:   1.000000 | Q:        nan | won: False 
#   60 | steps:  4628 | steps_t:     0 | t: 5.597415 | p:  -438.000000 | e:   1.000000 | Q:        nan | won: False 
#   61 | steps:  4672 | steps_t:     0 | t: 5.650464 | p:  -455.000000 | e:   1.000000 | Q:        nan | won: False 
#   62 | steps:  4814 | steps_t:     0 | t: 5.896696 | p:  -388.000000 | e:   1.000000 | Q:        nan | won: False 
#   63 | steps:  4839 | steps_t:     0 | t: 5.926716 | p:  -502.000000 | e:   1.000000 | Q:        nan | won: False 
#   64 | steps:  4856 | steps_t:     0 | t: 5.946741 | p:  -494.000000 | e:   1.000000 | Q:        nan | won: False 
#   65 | steps:  4918 | steps_t:     0 | t: 6.019808 | p:  -495.000000 | e:   1.000000 | Q:        nan | won: False 
#   66 | steps:  4971 | steps_t:     0 | t: 6.084867 | p:  -508.000000 | e:   1.000000 | Q:        nan | won: False 
#   67 | steps:  5139 | steps_t:   137 | t: 8.172246 | p:  -513.000000 | e:   0.986300 | Q:   0.388003 | won: False 
#   68 | steps:  5219 | steps_t:   216 | t: 9.298931 | p:  -491.000000 | e:   0.978400 | Q:        nan | won: False 
#   69 | steps:  5375 | steps_t:   371 | t: 11.515063 | p:  -501.000000 | e:   0.962900 | Q: -26.720432 | won: False 
#   70 | steps:  5422 | steps_t:   417 | t: 12.174664 | p:  -458.000000 | e:   0.958300 | Q: -26.398834 | won: False 
#   71 | steps:  5479 | steps_t:   473 | t: 12.977738 | p:  -512.000000 | e:   0.952700 | Q: -34.638809 | won: False 
#   72 | steps:  5502 | steps_t:   495 | t: 13.293025 | p:  -478.000000 | e:   0.950500 | Q:        nan | won: False 
#   73 | steps:  5585 | steps_t:   577 | t: 14.474690 | p:  -461.000000 | e:   0.942300 | Q: -47.533272 | won: False 
#   74 | steps:  5671 | steps_t:   662 | t: 15.702200 | p:  -519.000000 | e:   0.933800 | Q: -47.844810 | won: False 
#   75 | steps:  5707 | steps_t:   697 | t: 16.206166 | p:  -480.000000 | e:   0.930300 | Q: -41.798481 | won: False 
#   76 | steps:  5815 | steps_t:   804 | t: 17.736194 | p:  -464.000000 | e:   0.919600 | Q: -44.255547 | won: False 
#   77 | steps:  5831 | steps_t:   819 | t: 17.949389 | p:  -504.000000 | e:   0.918100 | Q:        nan | won: False 
#   78 | steps:  5900 | steps_t:   887 | t: 18.928075 | p:  -513.000000 | e:   0.911300 | Q: -41.774830 | won: False 
#   79 | steps:  5939 | steps_t:   925 | t: 19.476576 | p:  -483.000000 | e:   0.907500 | Q: -42.966019 | won: False 
#   80 | steps:  6045 | steps_t:  1030 | t: 21.038150 | p:  -301.000000 | e:   0.897000 | Q: -36.488689 | won: False 
#   81 | steps:  6241 | steps_t:  1225 | t: 23.938869 | p:  -310.000000 | e:   0.877500 | Q: -25.691654 | won: False 
#   82 | steps:  6324 | steps_t:  1307 | t: 25.175882 | p:  -417.000000 | e:   0.869300 | Q: -37.840466 | won: False 
#   83 | steps:  6531 | steps_t:  1513 | t: 28.216658 | p:  -530.000000 | e:   0.848700 | Q: -36.285614 | won: False 
#   84 | steps:  6571 | steps_t:  1552 | t: 28.794777 | p:  -495.000000 | e:   0.844800 | Q: -34.161453 | won: False 
#   85 | steps:  6635 | steps_t:  1615 | t: 29.726627 | p:  -420.000000 | e:   0.838500 | Q: -46.699005 | won: False 
#   86 | steps:  6679 | steps_t:  1658 | t: 30.363582 | p:  -444.000000 | e:   0.834200 | Q: -45.548161 | won: False 
#   87 | steps:  6760 | steps_t:  1738 | t: 31.656203 | p:  -393.000000 | e:   0.826200 | Q: -32.397060 | won: False 
#   88 | steps:  6787 | steps_t:  1764 | t: 32.038352 | p:  -449.000000 | e:   0.823600 | Q: -33.723816 | won: False 
#   89 | steps:  6843 | steps_t:  1819 | t: 32.849092 | p:  -412.000000 | e:   0.818100 | Q: -40.203850 | won: False 
#   90 | steps:  7017 | steps_t:  1992 | t: 35.470849 | p:  -380.000000 | e:   0.800800 | Q: -17.910244 | won: False 
#   91 | steps:  7062 | steps_t:  2036 | t: 36.128809 | p:  -489.000000 | e:   0.796400 | Q: -24.160246 | won: False 
#   92 | steps:  7112 | steps_t:  2085 | t: 36.856473 | p:  -406.000000 | e:   0.791500 | Q: -39.343700 | won: False 
#   93 | steps:  7179 | steps_t:  2151 | t: 37.860663 | p:  -445.000000 | e:   0.784900 | Q: -43.767006 | won: False 
#   94 | steps:  7200 | steps_t:  2171 | t: 38.168210 | p:  -487.000000 | e:   0.782900 | Q: -51.078270 | won: False 
#   95 | steps:  7238 | steps_t:  2208 | t: 38.729722 | p:  -416.000000 | e:   0.779200 | Q: -40.945118 | won: False 
#   96 | steps:  7283 | steps_t:  2252 | t: 39.380628 | p:  -467.000000 | e:   0.774800 | Q: -32.525963 | won: False 
#   97 | steps:  7300 | steps_t:  2268 | t: 39.624851 | p:  -439.000000 | e:   0.773200 | Q: -36.527775 | won: False 
#   98 | steps:  7328 | steps_t:  2295 | t: 40.034224 | p:  -472.000000 | e:   0.770500 | Q: -37.097527 | won: False 
#   99 | steps:  7409 | steps_t:  2375 | t: 41.236414 | p:  -393.000000 | e:   0.762500 | Q: -33.060177 | won: False 
#  100 | steps:  7434 | steps_t:  2399 | t: 41.614759 | p:  -392.000000 | e:   0.760100 | Q: -36.029358 | won: False 
#  101 | steps:  7466 | steps_t:  2430 | t: 42.093195 | p:  -465.000000 | e:   0.757000 | Q: -39.229717 | won: False 
#  102 | steps:  7502 | steps_t:  2465 | t: 42.616982 | p:  -469.000000 | e:   0.753500 | Q: -44.967182 | won: False 
#  103 | steps:  7573 | steps_t:  2535 | t: 43.653812 | p:  -471.000000 | e:   0.746500 | Q: -33.796658 | won: False 
#  104 | steps:  7767 | steps_t:  2728 | t: 46.560291 | p:  -539.000000 | e:   0.727200 | Q: -38.563843 | won: False 
#  105 | steps:  7796 | steps_t:  2756 | t: 46.985680 | p:  -462.000000 | e:   0.724400 | Q: -46.434677 | won: False 
#  106 | steps:  7826 | steps_t:  2785 | t: 47.422541 | p:  -441.000000 | e:   0.721500 | Q: -54.835567 | won: False 
#  107 | steps:  7873 | steps_t:  2831 | t: 48.115172 | p:  -425.000000 | e:   0.716900 | Q: -51.116894 | won: False 
#  108 | steps:  7898 | steps_t:  2855 | t: 48.482213 | p:  -436.000000 | e:   0.714500 | Q: -50.550030 | won: False 
#  109 | steps:  7961 | steps_t:  2917 | t: 49.417366 | p:  -496.000000 | e:   0.708300 | Q: -47.922680 | won: False 
#  110 | steps:  7990 | steps_t:  2945 | t: 49.837749 | p:  -462.000000 | e:   0.705500 | Q: -62.041470 | won: False 
#  111 | steps:  8015 | steps_t:  2969 | t: 50.193073 | p:  -502.000000 | e:   0.703100 | Q: -63.601326 | won: False 
#  112 | steps:  8196 | steps_t:  3149 | t: 52.895954 | p:  -438.000000 | e:   0.685100 | Q: -39.538101 | won: False 
#  113 | steps:  8276 | steps_t:  3228 | t: 54.098329 | p:  -491.000000 | e:   0.677200 | Q: -43.933975 | won: False 
#  114 | steps:  8470 | steps_t:  3421 | t: 57.053237 | p:  -495.000000 | e:   0.657900 | Q: -36.426575 | won: False 
#  115 | steps:  8495 | steps_t:  3445 | t: 57.415568 | p:  -436.000000 | e:   0.655500 | Q: -29.631643 | won: False 
#  116 | steps:  8534 | steps_t:  3483 | t: 58.004414 | p:  -494.000000 | e:   0.651700 | Q: -29.165129 | won: False 
#  117 | steps:  8625 | steps_t:  3573 | t: 59.429003 | p:  -392.000000 | e:   0.642700 | Q: -34.222050 | won: False 
#  118 | steps:  8678 | steps_t:  3625 | t: 60.222727 | p:  -354.000000 | e:   0.637500 | Q: -47.425510 | won: False 
#  119 | steps:  8726 | steps_t:  3672 | t: 60.929674 | p:  -503.000000 | e:   0.632800 | Q: -51.922619 | won: False 
#  120 | steps:  8768 | steps_t:  3713 | t: 61.550240 | p:  -497.000000 | e:   0.628700 | Q: -45.660797 | won: False 
#  121 | steps:  8881 | steps_t:  3825 | t: 63.258912 | p:  -381.000000 | e:   0.617500 | Q: -45.283871 | won: False 
#  122 | steps:  8930 | steps_t:  3873 | t: 63.981870 | p:  -482.000000 | e:   0.612700 | Q: -58.739239 | won: False 
#  123 | steps:  8987 | steps_t:  3929 | t: 64.837650 | p:  -490.000000 | e:   0.607100 | Q: -49.984940 | won: False 
#  124 | steps:  9093 | steps_t:  4034 | t: 66.438690 | p:  -528.000000 | e:   0.596600 | Q: -49.522560 | won: False 
#  125 | steps:  9133 | steps_t:  4073 | t: 67.049644 | p:  -396.000000 | e:   0.592700 | Q: -45.735813 | won: False 
#  126 | steps:  9347 | steps_t:  4286 | t: 70.419603 | p:  -515.000000 | e:   0.571400 | Q: -33.344963 | won: False 
#  127 | steps:  9415 | steps_t:  4353 | t: 71.486386 | p:  -468.000000 | e:   0.564700 | Q: -33.843029 | won: False 
#  128 | steps:  9505 | steps_t:  4442 | t: 72.899091 | p:  -402.000000 | e:   0.555800 | Q: -30.963011 | won: False 
#  129 | steps:  9542 | steps_t:  4478 | t: 73.496636 | p:  -448.000000 | e:   0.552200 | Q: -42.002213 | won: False 
#  130 | steps:  9568 | steps_t:  4503 | t: 73.881988 | p:  -437.000000 | e:   0.549700 | Q: -44.929531 | won: False 
#  131 | steps:  9654 | steps_t:  4588 | t: 75.245088 | p:  -497.000000 | e:   0.541200 | Q: -41.880306 | won: False 
#  132 | steps:  9756 | steps_t:  4689 | t: 76.787805 | p:  -447.000000 | e:   0.531100 | Q: -41.220531 | won: False 
#  133 | steps:  9799 | steps_t:  4731 | t: 77.429181 | p:  -520.000000 | e:   0.526900 | Q: -47.215336 | won: False 
#  134 | steps:  9853 | steps_t:  4784 | t: 78.233917 | p:  -476.000000 | e:   0.521600 | Q: -57.586052 | won: False 
#  135 | steps:  9891 | steps_t:  4821 | t: 78.798757 | p:  -471.000000 | e:   0.517900 | Q: -44.917946 | won: False 
#  136 | steps:  9903 | steps_t:  4832 | t: 78.972915 | p:  -456.000000 | e:   0.516800 | Q: -45.704620 | won: False 
#  137 | steps:  9982 | steps_t:  4910 | t: 80.184352 | p:  -380.000000 | e:   0.509000 | Q: -38.626877 | won: False 
#  138 | steps: 10023 | steps_t:  4950 | t: 80.796204 | p:  -430.000000 | e:   0.505000 | Q: -40.847652 | won: False 
#  139 | steps: 10122 | steps_t:  5048 | t: 82.305383 | p:  -400.000000 | e:   0.495200 | Q: -36.323555 | won: False 
#  140 | steps: 10267 | steps_t:  5192 | t: 84.595219 | p:  -248.000000 | e:   0.480800 | Q: -40.203712 | won: False 
#  141 | steps: 10303 | steps_t:  5227 | t: 85.169743 | p:  -381.000000 | e:   0.477300 | Q: -50.171219 | won: False 
#  142 | steps: 10375 | steps_t:  5298 | t: 86.342083 | p:  -351.000000 | e:   0.470200 | Q: -53.226257 | won: False 
#  143 | steps: 10413 | steps_t:  5335 | t: 86.947635 | p:  -438.000000 | e:   0.466500 | Q: -44.458370 | won: False 
#  144 | steps: 10542 | steps_t:  5463 | t: 88.984054 | p:  -540.000000 | e:   0.453700 | Q: -43.571255 | won: False 
#  145 | steps: 10609 | steps_t:  5529 | t: 90.025867 | p:  -467.000000 | e:   0.447100 | Q: -57.064529 | won: False 
#  146 | steps: 10647 | steps_t:  5566 | t: 90.601248 | p:  -493.000000 | e:   0.443400 | Q: -71.259636 | won: False 
#  147 | steps: 10719 | steps_t:  5637 | t: 91.735544 | p:  -395.000000 | e:   0.436300 | Q: -62.012672 | won: False 
#  148 | steps: 10834 | steps_t:  5751 | t: 93.551472 | p:  -548.000000 | e:   0.424900 | Q: -58.262138 | won: False 
#  149 | steps: 10883 | steps_t:  5799 | t: 94.324996 | p:  -394.000000 | e:   0.420100 | Q: -55.238579 | won: False 
#  150 | steps: 10903 | steps_t:  5818 | t: 94.628272 | p:  -486.000000 | e:   0.418200 | Q: -56.474346 | won: False 
#  151 | steps: 10935 | steps_t:  5849 | t: 95.127077 | p:  -476.000000 | e:   0.415100 | Q: -48.233276 | won: False 
#  152 | steps: 10960 | steps_t:  5873 | t: 95.516433 | p:  -469.000000 | e:   0.412700 | Q: -42.869556 | won: False 
#  153 | steps: 11015 | steps_t:  5927 | t: 96.398065 | p:  -433.000000 | e:   0.407300 | Q: -39.110001 | won: False 
#  154 | steps: 11230 | steps_t:  6141 | t: 99.845206 | p:  -538.000000 | e:   0.385900 | Q: -31.506472 | won: False 
#  155 | steps: 11257 | steps_t:  6167 | t: 100.260584 | p:  -427.000000 | e:   0.383300 | Q: -65.217247 | won: False 
#  156 | steps: 11282 | steps_t:  6191 | t: 100.639930 | p:  -491.000000 | e:   0.380900 | Q: -56.634075 | won: False 
#  157 | steps: 11334 | steps_t:  6242 | t: 101.458266 | p:  -441.000000 | e:   0.375800 | Q: -61.116173 | won: False 
#  158 | steps: 11407 | steps_t:  6314 | t: 102.621627 | p:  -418.000000 | e:   0.368600 | Q: -52.808788 | won: False 
#  159 | steps: 11558 | steps_t:  6464 | t: 105.032766 | p:  -595.000000 | e:   0.353600 | Q: -43.412720 | won: False 
#  160 | steps: 11580 | steps_t:  6485 | t: 105.372075 | p:  -499.000000 | e:   0.351500 | Q: -58.161350 | won: False 
#  161 | steps: 11625 | steps_t:  6529 | t: 106.082138 | p:  -489.000000 | e:   0.347100 | Q: -58.141914 | won: False 
#  162 | steps: 11654 | steps_t:  6557 | t: 106.543559 | p:  -473.000000 | e:   0.344300 | Q: -51.268887 | won: False 
#  163 | steps: 11704 | steps_t:  6606 | t: 107.332949 | p:  -505.000000 | e:   0.339400 | Q: -55.052361 | won: False 
#  164 | steps: 11737 | steps_t:  6638 | t: 107.858428 | p:  -444.000000 | e:   0.336200 | Q: -57.946682 | won: False 
#  165 | steps: 11848 | steps_t:  6748 | t: 109.671289 | p:  -401.000000 | e:   0.325200 | Q: -63.106766 | won: False 
#  166 | steps: 12256 | steps_t:  7155 | t: 116.727709 | p:  -610.000000 | e:   0.284500 | Q: -50.822803 | won: False 
#  167 | steps: 12374 | steps_t:  7272 | t: 118.679825 | p:  -298.000000 | e:   0.272800 | Q: -50.155796 | won: False 
#  168 | steps: 12392 | steps_t:  7289 | t: 118.957078 | p:  -473.000000 | e:   0.271100 | Q: -50.182037 | won: False 
#  169 | steps: 12421 | steps_t:  7317 | t: 119.422050 | p:  -473.000000 | e:   0.268300 | Q: -56.191269 | won: False 
#  170 | steps: 12442 | steps_t:  7337 | t: 119.752351 | p:  -476.000000 | e:   0.266300 | Q: -60.415627 | won: False 
#  171 | steps: 12530 | steps_t:  7424 | t: 121.170934 | p:  -532.000000 | e:   0.257600 | Q: -47.868847 | won: False 
#  172 | steps: 12605 | steps_t:  7498 | t: 122.377365 | p:  -475.000000 | e:   0.250200 | Q: -65.371117 | won: False 
#  173 | steps: 12785 | steps_t:  7677 | t: 125.341312 | p:  -525.000000 | e:   0.232300 | Q: -56.849567 | won: False 
#  174 | steps: 12860 | steps_t:  7751 | t: 126.558762 | p:  -464.000000 | e:   0.224900 | Q: -59.994228 | won: False 
#  175 | steps: 12894 | steps_t:  7784 | t: 127.100783 | p:  -379.000000 | e:   0.221600 | Q: -59.507256 | won: False 
#  176 | steps: 12996 | steps_t:  7885 | t: 128.740838 | p:  -469.000000 | e:   0.211500 | Q: -57.406567 | won: False 
#  177 | steps: 13018 | steps_t:  7906 | t: 129.094161 | p:  -477.000000 | e:   0.209400 | Q: -38.603569 | won: False 
#  178 | steps: 13194 | steps_t:  8081 | t: 131.944619 | p:  -323.000000 | e:   0.191900 | Q: -45.483055 | won: False 
#  179 | steps: 13236 | steps_t:  8122 | t: 132.605221 | p:  -497.000000 | e:   0.187800 | Q: -44.702682 | won: False 
#  180 | steps: 13268 | steps_t:  8153 | t: 133.100989 | p:  -366.000000 | e:   0.184700 | Q: -37.191715 | won: False 
#  181 | steps: 13427 | steps_t:  8311 | t: 135.652466 | p:  -482.000000 | e:   0.168900 | Q: -38.382282 | won: False 
#  182 | steps: 13492 | steps_t:  8375 | t: 136.684703 | p:  -509.000000 | e:   0.162500 | Q: -47.110535 | won: False 
#  183 | steps: 13540 | steps_t:  8422 | t: 137.448399 | p:  -492.000000 | e:   0.157800 | Q: -23.314161 | won: False 
#  184 | steps: 13601 | steps_t:  8482 | t: 138.418634 | p:  -428.000000 | e:   0.151800 | Q: -31.427917 | won: False 
#  185 | steps: 13727 | steps_t:  8607 | t: 140.443714 | p:  -416.000000 | e:   0.139300 | Q: -23.158838 | won: False 
#  186 | steps: 13758 | steps_t:  8637 | t: 140.954180 | p:  -486.000000 | e:   0.136300 | Q: -20.169508 | won: False 
#  187 | steps: 13827 | steps_t:  8705 | t: 142.088739 | p:  -480.000000 | e:   0.129500 | Q: -21.606466 | won: False 
#  188 | steps: 13854 | steps_t:  8731 | t: 142.522135 | p:  -471.000000 | e:   0.126900 | Q: -17.348652 | won: False 
#  189 | steps: 13990 | steps_t:  8866 | t: 144.766686 | p:  -283.000000 | e:   0.113400 | Q: -34.842194 | won: False 
#  190 | steps: 14008 | steps_t:  8883 | t: 145.048943 | p:  -429.000000 | e:   0.111700 | Q: -17.008575 | won: False 
#  191 | steps: 14121 | steps_t:  8995 | t: 146.940785 | p:  -370.000000 | e:   0.100500 | Q: -12.004288 | won: False 
#  192 | steps: 14355 | steps_t:  9228 | t: 150.821773 | p:  -568.000000 | e:   0.100000 | Q:  -3.947868 | won: False 
#  193 | steps: 14405 | steps_t:  9277 | t: 151.644848 | p:  -549.000000 | e:   0.100000 | Q:  -4.099699 | won: False 
#  194 | steps: 14455 | steps_t:  9326 | t: 152.454867 | p:  -505.000000 | e:   0.100000 | Q:  -2.106272 | won: False 
#  195 | steps: 14501 | steps_t:  9371 | t: 153.200547 | p:  -512.000000 | e:   0.100000 | Q:  -2.378857 | won: False 
#  196 | steps: 14541 | steps_t:  9410 | t: 153.859436 | p:  -451.000000 | e:   0.100000 | Q:  -5.841944 | won: False 
#  197 | steps: 14568 | steps_t:  9436 | t: 154.307845 | p:  -427.000000 | e:   0.100000 | Q:  -1.462422 | won: False 
#  198 | steps: 14607 | steps_t:  9474 | t: 154.967747 | p:  -494.000000 | e:   0.100000 | Q:  -1.865397 | won: False 
#  199 | steps: 14621 | steps_t:  9487 | t: 155.189456 | p:  -469.000000 | e:   0.100000 | Q:  -4.605012 | won: False 
#  200 | steps: 14643 | steps_t:  9508 | t: 155.545074 | p:  -499.000000 | e:   0.100000 | Q:  -4.968471 | won: False 
#  201 | steps: 14726 | steps_t:  9590 | t: 156.920596 | p:  -494.000000 | e:   0.100000 | Q:  -4.556026 | won: False 
#  202 | steps: 14818 | steps_t:  9681 | t: 158.424744 | p:  -503.000000 | e:   0.100000 | Q:  -1.431268 | won: False 
#  203 | steps: 14873 | steps_t:  9735 | t: 159.309366 | p:  -543.000000 | e:   0.100000 | Q:  -6.232559 | won: False 
#  204 | steps: 14886 | steps_t:  9747 | t: 159.508548 | p:  -402.000000 | e:   0.100000 | Q:  -1.317905 | won: False 
#  205 | steps: 14983 | steps_t:  9843 | t: 161.083685 | p:  -233.000000 | e:   0.100000 | Q:  -0.822946 | won: False 
#  206 | steps: 15040 | steps_t:  9899 | t: 162.036862 | p:  -457.000000 | e:   0.100000 | Q:  -2.174190 | won: False 
#  207 | steps: 15078 | steps_t:  9936 | t: 162.659725 | p:  -482.000000 | e:   0.100000 | Q:  -2.014444 | won: False 
#  208 | steps: 15169 | steps_t: 10026 | t: 164.153594 | p:  -425.000000 | e:   0.100000 | Q:  -8.916329 | won: False 
#  209 | steps: 15260 | steps_t: 10116 | t: 165.636472 | p:  -513.000000 | e:   0.100000 | Q: -10.007427 | won: False 
#  210 | steps: 15401 | steps_t: 10256 | t: 167.998909 | p:  -596.000000 | e:   0.100000 | Q:  -8.703724 | won: False 
#  211 | steps: 15438 | steps_t: 10292 | t: 168.620476 | p:  -437.000000 | e:   0.100000 | Q:  -4.774982 | won: False 
#  212 | steps: 15491 | steps_t: 10344 | t: 169.498554 | p:  -387.000000 | e:   0.100000 | Q:  -3.289591 | won: False 
#  213 | steps: 15546 | steps_t: 10398 | t: 170.388691 | p:  -345.000000 | e:   0.100000 | Q:  -0.683538 | won: False 
#  214 | steps: 15616 | steps_t: 10467 | t: 171.542712 | p:  -470.000000 | e:   0.100000 | Q:  -5.872746 | won: False 
#  215 | steps: 15738 | steps_t: 10588 | t: 173.736418 | p:  -445.000000 | e:   0.100000 | Q:   1.400230 | won: False 
#  216 | steps: 15753 | steps_t: 10602 | t: 173.976912 | p:  -404.000000 | e:   0.100000 | Q:  -6.676204 | won: False 
#  217 | steps: 15786 | steps_t: 10634 | t: 174.510399 | p:  -466.000000 | e:   0.100000 | Q:  -8.153749 | won: False 
#  218 | steps: 15843 | steps_t: 10690 | t: 175.460690 | p:  -380.000000 | e:   0.100000 | Q:  -4.152198 | won: False 
#  219 | steps: 15906 | steps_t: 10752 | t: 176.491907 | p:  -496.000000 | e:   0.100000 | Q:  -3.575270 | won: False 
#  220 | steps: 15961 | steps_t: 10806 | t: 177.389726 | p:  -422.000000 | e:   0.100000 | Q:  -1.946400 | won: False 
#  221 | steps: 16083 | steps_t: 10927 | t: 179.419687 | p:  -346.000000 | e:   0.100000 | Q:  -2.879338 | won: False 
#  222 | steps: 16251 | steps_t: 11094 | t: 182.146893 | p:  -436.000000 | e:   0.100000 | Q:   2.758084 | won: False 
#  223 | steps: 16343 | steps_t: 11185 | t: 183.623410 | p:  -514.000000 | e:   0.100000 | Q:  -2.151469 | won: False 
#  224 | steps: 16377 | steps_t: 11218 | t: 184.163903 | p:  -434.000000 | e:   0.100000 | Q:   0.435891 | won: False 
#  225 | steps: 16398 | steps_t: 11238 | t: 184.499487 | p:  -465.000000 | e:   0.100000 | Q:  -0.440493 | won: False 
#  226 | steps: 16440 | steps_t: 11279 | t: 185.169097 | p:  -464.000000 | e:   0.100000 | Q:   1.237485 | won: False 
#  227 | steps: 16510 | steps_t: 11348 | t: 186.290400 | p:  -393.000000 | e:   0.100000 | Q:   2.356636 | won: False 
#  228 | steps: 16569 | steps_t: 11406 | t: 187.228522 | p:  -393.000000 | e:   0.100000 | Q:   2.648418 | won: False 
#  229 | steps: 16600 | steps_t: 11436 | t: 187.713771 | p:  -475.000000 | e:   0.100000 | Q:   2.763231 | won: False 
#  230 | steps: 16654 | steps_t: 11489 | t: 188.562834 | p:  -344.000000 | e:   0.100000 | Q:   3.068630 | won: False 
#  231 | steps: 16746 | steps_t: 11580 | t: 190.039465 | p:  -470.000000 | e:   0.100000 | Q:   3.472732 | won: False 
#  232 | steps: 16787 | steps_t: 11620 | t: 190.688057 | p:  -485.000000 | e:   0.100000 | Q:   3.319395 | won: False 
#  233 | steps: 16827 | steps_t: 11659 | t: 191.329642 | p:  -429.000000 | e:   0.100000 | Q:   3.313159 | won: False 
#  234 | steps: 16849 | steps_t: 11680 | t: 191.672253 | p:  -444.000000 | e:   0.100000 | Q:   2.949751 | won: False 
#  235 | steps: 17013 | steps_t: 11843 | t: 194.307249 | p:  -344.000000 | e:   0.100000 | Q:   2.782443 | won: False 
#  236 | steps: 17029 | steps_t: 11858 | t: 194.550471 | p:  -394.000000 | e:   0.100000 | Q:   4.135622 | won: False 
#  237 | steps: 17079 | steps_t: 11907 | t: 195.341491 | p:  -362.000000 | e:   0.100000 | Q:   2.390402 | won: False 
#  238 | steps: 17149 | steps_t: 11976 | t: 196.469746 | p:  -503.000000 | e:   0.100000 | Q:   1.499655 | won: False 
#  239 | steps: 17257 | steps_t: 12083 | t: 198.235037 | p:  -354.000000 | e:   0.100000 | Q:   3.626026 | won: False 
#  240 | steps: 17296 | steps_t: 12121 | t: 198.861416 | p:  -472.000000 | e:   0.100000 | Q:   3.040685 | won: False 
#  241 | steps: 17359 | steps_t: 12183 | t: 199.875621 | p:  -309.000000 | e:   0.100000 | Q:   0.351014 | won: False 
#  242 | steps: 17462 | steps_t: 12285 | t: 201.541439 | p:  -536.000000 | e:   0.100000 | Q:   3.229591 | won: False 
#  243 | steps: 17518 | steps_t: 12340 | t: 202.434554 | p:  -412.000000 | e:   0.100000 | Q:   2.176940 | won: False 
#  244 | steps: 17725 | steps_t: 12546 | t: 205.953174 | p:  -446.000000 | e:   0.100000 | Q:  -5.573718 | won: False 
#  245 | steps: 17812 | steps_t: 12632 | t: 207.424329 | p:  -421.000000 | e:   0.100000 | Q:   2.834153 | won: False 
#  246 | steps: 17866 | steps_t: 12685 | t: 208.316438 | p:  -421.000000 | e:   0.100000 | Q:   0.896887 | won: False 
#  247 | steps: 18048 | steps_t: 12866 | t: 211.347967 | p:  -549.000000 | e:   0.100000 | Q:   1.773478 | won: False 
#  248 | steps: 18102 | steps_t: 12919 | t: 212.241652 | p:  -465.000000 | e:   0.100000 | Q:   0.035579 | won: False 
#  249 | steps: 18159 | steps_t: 12975 | t: 213.196953 | p:  -336.000000 | e:   0.100000 | Q:  -2.384794 | won: False 
#  250 | steps: 18196 | steps_t: 13011 | t: 213.812514 | p:  -404.000000 | e:   0.100000 | Q:   0.163353 | won: False 
#  251 | steps: 18246 | steps_t: 13060 | t: 214.623868 | p:  -362.000000 | e:   0.100000 | Q:  -2.104836 | won: False 
#  252 | steps: 18286 | steps_t: 13099 | t: 215.283287 | p:  -484.000000 | e:   0.100000 | Q:   1.963945 | won: False 
#  253 | steps: 18464 | steps_t: 13276 | t: 218.309152 | p:  -457.000000 | e:   0.100000 | Q:   1.967207 | won: False 
#  254 | steps: 18484 | steps_t: 13295 | t: 218.638452 | p:  -442.000000 | e:   0.100000 | Q:   4.233338 | won: False 
#  255 | steps: 18521 | steps_t: 13331 | t: 219.285042 | p:  -448.000000 | e:   0.100000 | Q:   4.553634 | won: False 
#  256 | steps: 18552 | steps_t: 13361 | t: 219.811819 | p:  -442.000000 | e:   0.100000 | Q:   4.789373 | won: False 
#  257 | steps: 18571 | steps_t: 13379 | t: 220.115095 | p:  -463.000000 | e:   0.100000 | Q:   5.253671 | won: False 
#  258 | steps: 18632 | steps_t: 13439 | t: 221.144344 | p:  -439.000000 | e:   0.100000 | Q:   5.615629 | won: False 
#  259 | steps: 18878 | steps_t: 13684 | t: 225.190687 | p:  -298.000000 | e:   0.100000 | Q:   5.550881 | won: False 
#  260 | steps: 19015 | steps_t: 13820 | t: 227.442309 | p:  -273.000000 | e:   0.100000 | Q:   5.002660 | won: False 
#  261 | steps: 19169 | steps_t: 13973 | t: 229.972040 | p:  -499.000000 | e:   0.100000 | Q:   5.392567 | won: False 
#  262 | steps: 19348 | steps_t: 14151 | t: 232.982394 | p:  -557.000000 | e:   0.100000 | Q:   6.054695 | won: False 
#  263 | steps: 19372 | steps_t: 14174 | t: 233.376754 | p:  -413.000000 | e:   0.100000 | Q:   6.816326 | won: False 
#  264 | steps: 19403 | steps_t: 14204 | t: 233.895530 | p:  -387.000000 | e:   0.100000 | Q:   6.894811 | won: False 
#  265 | steps: 19465 | steps_t: 14265 | t: 234.936764 | p:  -341.000000 | e:   0.100000 | Q:   6.670155 | won: False 
#  266 | steps: 19557 | steps_t: 14356 | t: 236.457008 | p:  -338.000000 | e:   0.100000 | Q:   6.870168 | won: False 
#  267 | steps: 19614 | steps_t: 14412 | t: 237.400441 | p:  -369.000000 | e:   0.100000 | Q:   7.066580 | won: False 
#  268 | steps: 19644 | steps_t: 14441 | t: 237.893165 | p:  -353.000000 | e:   0.100000 | Q:   6.482293 | won: False 
#  269 | steps: 19760 | steps_t: 14556 | t: 239.821804 | p:  -428.000000 | e:   0.100000 | Q:   6.573343 | won: False 
#  270 | steps: 19808 | steps_t: 14603 | t: 240.610792 | p:  -415.000000 | e:   0.100000 | Q:   6.440205 | won: False 
#  271 | steps: 19894 | steps_t: 14688 | t: 242.025659 | p:  -365.000000 | e:   0.100000 | Q:   7.285639 | won: False 
#  272 | steps: 19919 | steps_t: 14712 | t: 242.424022 | p:  -392.000000 | e:   0.100000 | Q:   7.218790 | won: False 
#  273 | steps: 19982 | steps_t: 14774 | t: 243.459281 | p:  -485.000000 | e:   0.100000 | Q:   8.254304 | won: False 
#  274 | steps: 20154 | steps_t: 14945 | t: 246.245999 | p:  -429.000000 | e:   0.100000 | Q:   8.543384 | won: False 
#  275 | steps: 20206 | steps_t: 14996 | t: 247.114078 | p:  -441.000000 | e:   0.100000 | Q:   6.029901 | won: False 
#  276 | steps: 20256 | steps_t: 15045 | t: 248.179236 | p:  -428.000000 | e:   0.100000 | Q:   7.069183 | won: False 
#  277 | steps: 20304 | steps_t: 15092 | t: 248.976964 | p:  -459.000000 | e:   0.100000 | Q:   6.764745 | won: False 
#  278 | steps: 20328 | steps_t: 15115 | t: 249.367795 | p:  -391.000000 | e:   0.100000 | Q:   6.544290 | won: False 
#  279 | steps: 20474 | steps_t: 15260 | t: 251.828878 | p:   -84.000000 | e:   0.100000 | Q:   6.829548 | won: False 
#  280 | steps: 20546 | steps_t: 15331 | t: 253.032999 | p:  -329.000000 | e:   0.100000 | Q:   8.952528 | won: False 
#  281 | steps: 20586 | steps_t: 15370 | t: 253.697404 | p:  -440.000000 | e:   0.100000 | Q:   9.802358 | won: False 
#  282 | steps: 20645 | steps_t: 15428 | t: 254.679585 | p:  -426.000000 | e:   0.100000 | Q:  10.332740 | won: False 
#  283 | steps: 20759 | steps_t: 15541 | t: 256.588419 | p:  -305.000000 | e:   0.100000 | Q:   8.990076 | won: False 
#  284 | steps: 20822 | steps_t: 15603 | t: 257.638376 | p:  -375.000000 | e:   0.100000 | Q:   7.561682 | won: False 
#  285 | steps: 20938 | steps_t: 15718 | t: 259.582785 | p:  -318.000000 | e:   0.100000 | Q:   6.383770 | won: False 
#  286 | steps: 21006 | steps_t: 15785 | t: 260.717100 | p:  -402.000000 | e:   0.100000 | Q:   9.110826 | won: False 
#  287 | steps: 21217 | steps_t: 15995 | t: 264.264758 | p:  -270.000000 | e:   0.100000 | Q:   8.847396 | won: False 
#  288 | steps: 21329 | steps_t: 16106 | t: 266.119012 | p:  -336.000000 | e:   0.100000 | Q:   8.319877 | won: False 
#  289 | steps: 21373 | steps_t: 16149 | t: 266.828938 | p:  -367.000000 | e:   0.100000 | Q:   7.663098 | won: False 
#  290 | steps: 21577 | steps_t: 16352 | t: 270.211945 | p:  -142.000000 | e:   0.100000 | Q:   7.151221 | won: False 
#  291 | steps: 21598 | steps_t: 16372 | t: 270.567269 | p:  -454.000000 | e:   0.100000 | Q:   1.922798 | won: False 
#  292 | steps: 21620 | steps_t: 16393 | t: 270.908580 | p:  -455.000000 | e:   0.100000 | Q:   4.443620 | won: False 
#  293 | steps: 21707 | steps_t: 16479 | t: 272.337227 | p:  -476.000000 | e:   0.100000 | Q:   3.457352 | won: False 
#  294 | steps: 21790 | steps_t: 16561 | t: 273.738773 | p:  -351.000000 | e:   0.100000 | Q:   2.491728 | won: False 
